<?xml version="1.0" encoding="UTF-8"?>
<!-- Generated by org.testng.reporters.JUnitReportReporter -->
<testsuite hostname="LPCAIQ0814" failures="0" tests="1" name="runner.TestRunner" time="0.307" errors="0" timestamp="2022-09-11T13:09:06 EET" skipped="0">
  <testcase classname="runner.TestRunner" name="runScenario" time="0.307"/>
  <system-out/>
</testsuite> <!-- runner.TestRunner -->
