<?xml version="1.0" encoding="UTF-8"?>
<!-- Generated by org.testng.reporters.JUnitReportReporter -->
<testsuite hostname="LPCAIQ0797" failures="0" tests="1" name="TestRunner.Test" time="3.314" errors="0" timestamp="2022-08-01T13:45:49 EET" skipped="0">
  <testcase classname="TestRunner.Test" name="runScenario" time="3.314"/>
  <system-out/>
</testsuite> <!-- TestRunner.Test -->
