<?xml version="1.0" encoding="UTF-8"?>
<!-- Generated by org.testng.reporters.JUnitReportReporter -->
<testsuite hostname="LPCAIQ0797" failures="0" tests="3" name="Runner.TestRunner" time="18.977" errors="0" timestamp="2022-09-14T19:29:30 EET" skipped="0">
  <testcase classname="Runner.TestRunner" name="runScenario" time="7.921"/>
  <system-out/>
  <testcase classname="Runner.TestRunner" name="runScenario" time="5.655"/>
  <system-out/>
  <testcase classname="Runner.TestRunner" name="runScenario" time="5.401"/>
  <system-out/>
</testsuite> <!-- Runner.TestRunner -->
