<?xml version="1.0" encoding="UTF-8"?>
<!-- Generated by org.testng.reporters.JUnitReportReporter -->
<testsuite hostname="LPCAIQ0797" failures="0" tests="3" name="Runner.TestRunner" time="32.379" errors="0" timestamp="2022-08-12T22:38:05 EET" skipped="0">
  <testcase classname="Runner.TestRunner" name="runScenario" time="10.075"/>
  <system-out/>
  <testcase classname="Runner.TestRunner" name="runScenario" time="11.195"/>
  <system-out/>
  <testcase classname="Runner.TestRunner" name="runScenario" time="11.109"/>
  <system-out/>
</testsuite> <!-- Runner.TestRunner -->
